{"timestamp":"2025-05-04T11:44:03.903458Z","level":"info","event":".","chan":"stdout","logger":"task"}
{"timestamp":"2025-05-04T11:44:03.970780","level":"info","event":"DAG bundles loaded: dags-folder, example_dags","logger":"airflow.dag_processing.bundles.manager.DagBundlesManager"}
{"timestamp":"2025-05-04T11:44:03.971014","level":"info","event":"Filling up the DagBag from /opt/airflow/dags/hw_dag.py","logger":"airflow.models.dagbag.DagBag"}
{"timestamp":"2025-05-04T11:44:03.980840Z","level":"info","event":"/home/airflow/airflow_hw","chan":"stdout","logger":"task"}
{"timestamp":"2025-05-04T11:44:03.995829Z","level":"info","event":"Task instance is in running state","chan":"stdout","logger":"task"}
{"timestamp":"2025-05-04T11:44:03.996029Z","level":"info","event":" Previous state of the Task instance: queued","chan":"stdout","logger":"task"}
{"timestamp":"2025-05-04T11:44:03.996173Z","level":"info","event":"Current task name:predict","chan":"stdout","logger":"task"}
{"timestamp":"2025-05-04T11:44:03.996323Z","level":"info","event":"Dag name:car_price_prediction","chan":"stdout","logger":"task"}
{"timestamp":"2025-05-04T11:44:03.996456Z","level":"info","event":"predicted_df - Empty DataFrame","chan":"stdout","logger":"task"}
{"timestamp":"2025-05-04T11:44:03.996602Z","level":"info","event":"Columns: [id, predict]","chan":"stdout","logger":"task"}
{"timestamp":"2025-05-04T11:44:03.996777Z","level":"info","event":"Index: []","chan":"stdout","logger":"task"}
{"timestamp":"2025-05-04T11:44:04.002672Z","level":"info","event":"                                         description  ...  year","chan":"stdout","logger":"task"}
{"timestamp":"2025-05-04T11:44:04.002841Z","level":"info","event":"0  2011 Audi A3 2.0T Premium Plus PZEV Wagon2011 ...  ...  2011","chan":"stdout","logger":"task"}
{"timestamp":"2025-05-04T11:44:04.003049Z","level":"info","event":"","chan":"stdout","logger":"task"}
{"timestamp":"2025-05-04T11:44:04.003198Z","level":"info","event":"[1 rows x 18 columns]","chan":"stdout","logger":"task"}
{"timestamp":"2025-05-04T11:44:04.013819","level":"warning","event":"/opt/airflow/plugins/modules/predict.py:25: FutureWarning: Calling int on a single element Series is deprecated and will raise a TypeError in the future. Use int(ser.iloc[0]) instead\n  predicted_df.loc[len(predicted_df.index)] = [int(data.id),y]  # занесем в подготовленный датафрейм результат\n","logger":"py.warnings"}
{"timestamp":"2025-05-04T11:44:04.020255Z","level":"info","event":"                                         description  ...  year","chan":"stdout","logger":"task"}
{"timestamp":"2025-05-04T11:44:04.020411Z","level":"info","event":"0  2018 navigator reserve in great condition If y...  ...  2018","chan":"stdout","logger":"task"}
{"timestamp":"2025-05-04T11:44:04.020562Z","level":"info","event":"","chan":"stdout","logger":"task"}
{"timestamp":"2025-05-04T11:44:04.020704Z","level":"info","event":"[1 rows x 18 columns]","chan":"stdout","logger":"task"}
{"timestamp":"2025-05-04T11:44:04.029268","level":"warning","event":"/opt/airflow/plugins/modules/predict.py:25: FutureWarning: Calling int on a single element Series is deprecated and will raise a TypeError in the future. Use int(ser.iloc[0]) instead\n  predicted_df.loc[len(predicted_df.index)] = [int(data.id),y]  # занесем в подготовленный датафрейм результат\n","logger":"py.warnings"}
{"timestamp":"2025-05-04T11:44:04.036363Z","level":"info","event":"                                         description  ...  year","chan":"stdout","logger":"task"}
{"timestamp":"2025-05-04T11:44:04.036549Z","level":"info","event":"0  2007 Lexus GS350 3.5 Model   Clean title 160k ...  ...  2007","chan":"stdout","logger":"task"}
{"timestamp":"2025-05-04T11:44:04.036728Z","level":"info","event":"","chan":"stdout","logger":"task"}
{"timestamp":"2025-05-04T11:44:04.036897Z","level":"info","event":"[1 rows x 18 columns]","chan":"stdout","logger":"task"}
{"timestamp":"2025-05-04T11:44:04.044133","level":"warning","event":"/opt/airflow/plugins/modules/predict.py:25: FutureWarning: Calling int on a single element Series is deprecated and will raise a TypeError in the future. Use int(ser.iloc[0]) instead\n  predicted_df.loc[len(predicted_df.index)] = [int(data.id),y]  # занесем в подготовленный датафрейм результат\n","logger":"py.warnings"}
{"timestamp":"2025-05-04T11:44:04.050799Z","level":"info","event":"                                         description  ...  year","chan":"stdout","logger":"task"}
{"timestamp":"2025-05-04T11:44:04.050964Z","level":"info","event":"0  2008 Jeep Wrangler X  Offered by: R&L Auto -- ...  ...  2008","chan":"stdout","logger":"task"}
{"timestamp":"2025-05-04T11:44:04.051127Z","level":"info","event":"","chan":"stdout","logger":"task"}
{"timestamp":"2025-05-04T11:44:04.051281Z","level":"info","event":"[1 rows x 18 columns]","chan":"stdout","logger":"task"}
{"timestamp":"2025-05-04T11:44:04.058420","level":"warning","event":"/opt/airflow/plugins/modules/predict.py:25: FutureWarning: Calling int on a single element Series is deprecated and will raise a TypeError in the future. Use int(ser.iloc[0]) instead\n  predicted_df.loc[len(predicted_df.index)] = [int(data.id),y]  # занесем в подготовленный датафрейм результат\n","logger":"py.warnings"}
{"timestamp":"2025-05-04T11:44:04.065025Z","level":"info","event":"                                         description  ...  year","chan":"stdout","logger":"task"}
{"timestamp":"2025-05-04T11:44:04.065201Z","level":"info","event":"0  Excellent condition with Leather Stone interio...  ...  2013","chan":"stdout","logger":"task"}
{"timestamp":"2025-05-04T11:44:04.065376Z","level":"info","event":"","chan":"stdout","logger":"task"}
{"timestamp":"2025-05-04T11:44:04.065531Z","level":"info","event":"[1 rows x 18 columns]","chan":"stdout","logger":"task"}
{"timestamp":"2025-05-04T11:44:04.072391","level":"warning","event":"/opt/airflow/plugins/modules/predict.py:25: FutureWarning: Calling int on a single element Series is deprecated and will raise a TypeError in the future. Use int(ser.iloc[0]) instead\n  predicted_df.loc[len(predicted_df.index)] = [int(data.id),y]  # занесем в подготовленный датафрейм результат\n","logger":"py.warnings"}
{"timestamp":"2025-05-04T11:44:04.075971","level":"info","event":"Done. Returned value was: None","logger":"airflow.task.operators.airflow.providers.standard.operators.python.PythonOperator"}
{"timestamp":"2025-05-04T11:44:04.085977Z","level":"info","event":"Task instance in success state","chan":"stdout","logger":"task"}
{"timestamp":"2025-05-04T11:44:04.086213Z","level":"info","event":" Previous state of the Task instance: running","chan":"stdout","logger":"task"}
{"timestamp":"2025-05-04T11:44:04.086368Z","level":"info","event":"Task operator:<Task(PythonOperator): predict>","chan":"stdout","logger":"task"}
