{"timestamp":"2025-05-04T11:21:13.256640Z","level":"info","event":".","chan":"stdout","logger":"task"}
{"timestamp":"2025-05-04T11:21:13.324183","level":"info","event":"DAG bundles loaded: dags-folder, example_dags","logger":"airflow.dag_processing.bundles.manager.DagBundlesManager"}
{"timestamp":"2025-05-04T11:21:13.324414","level":"info","event":"Filling up the DagBag from /opt/airflow/dags/hw_dag.py","logger":"airflow.models.dagbag.DagBag"}
{"timestamp":"2025-05-04T11:21:13.335940Z","level":"info","event":"/home/airflow/airflow_hw","chan":"stdout","logger":"task"}
{"timestamp":"2025-05-04T11:21:13.352450Z","level":"info","event":"Task instance is in running state","chan":"stdout","logger":"task"}
{"timestamp":"2025-05-04T11:21:13.352668Z","level":"info","event":" Previous state of the Task instance: queued","chan":"stdout","logger":"task"}
{"timestamp":"2025-05-04T11:21:13.352827Z","level":"info","event":"Current task name:predict","chan":"stdout","logger":"task"}
{"timestamp":"2025-05-04T11:21:13.352984Z","level":"info","event":"Dag name:car_price_prediction","chan":"stdout","logger":"task"}
{"timestamp":"2025-05-04T11:21:13.353137Z","level":"info","event":"ok","chan":"stdout","logger":"task"}
{"timestamp":"2025-05-04T11:21:13.353306Z","level":"info","event":"{'description': '2011 Audi A3 2.0T Premium Plus PZEV Wagon2011 Audi A3 2.0T Premium Plus PZEVExterior Color: BlackInterior Color: BlackVIN: WAUKEAFM8BA041237Stock Number: 8452Mileage: 150,184MPG: 22 City / 28 HighwayEngine: 2.0L Turbo I4 200hp 207ft. lbs.Fuel: GasolineTransmission: AutomaticDrivetrain: Front Wheel DriveTitle: ClearKey Features:Automatic Climate ControlAirbagsKeyless Entry SystemCruise ControlAnti-Lock BrakesAsking Price: $8,995For FAST APPROVAL VISIT www.DaveMortonAutoSales.comWHAT CAN WE DO TO HELP YOU?  WE ARE ALWAYS HAPPY TO HELP!Call our dealership @ 503-589-0089Bad Credit and First Time Buyer LoansLowest rates available! * Bad Credit * No Credit * Repos * Medical Bills * Second Car * Collections * Bankruptcy * First Time BuyersContact Info:Dave Morton Auto Sales(503) 589-0089270 Lancaster Dr SESalem, OR 97317https://www.davemortonautosales.com/vehicle-details/1e3ddbdcf98394408cc83e1365288a07', 'fuel': 'gas', 'id': 7310993818, 'image_url': 'https://images.craigslist.org/00X0X_k5JiZDDyqMpz_0cU08B_600x450.jpg', 'lat': 44.925908, 'long': -122.982753, 'manufacturer': 'audi', 'model': 'a3 2.0t premium plus pzev', 'odometer': 150184, 'posting_date': '2021-04-22T12:14:01-0700', 'price': 8995, 'region': 'salem', 'region_url': 'https://salem.craigslist.org', 'state': 'or', 'title_status': 'clean', 'transmission': 'automatic', 'url': 'https://salem.craigslist.org/ctd/d/salem-2011-audi-a3-20t-premium-plus-pzev/7310993818.html', 'year': 2011}","chan":"stdout","logger":"task"}
{"timestamp":"2025-05-04T11:21:13.361002Z","level":"info","event":"                                         description  ...  year","chan":"stdout","logger":"task"}
{"timestamp":"2025-05-04T11:21:13.361196Z","level":"info","event":"0  2011 Audi A3 2.0T Premium Plus PZEV Wagon2011 ...  ...  2011","chan":"stdout","logger":"task"}
{"timestamp":"2025-05-04T11:21:13.361364Z","level":"info","event":"","chan":"stdout","logger":"task"}
{"timestamp":"2025-05-04T11:21:13.361512Z","level":"info","event":"[1 rows x 18 columns]","chan":"stdout","logger":"task"}
{"timestamp":"2025-05-04T11:21:13.371106Z","level":"info","event":"{'description': '2018 navigator reserve in great condition If you have any questions please feel free to give me a call.', 'fuel': 'gas', 'id': 7313922964, 'image_url': 'https://images.craigslist.org/00v0v_9Kj5yr4e5Lzz_0CI0t2_600x450.jpg', 'lat': 40.5605, 'long': -122.4116, 'manufacturer': 'lincoln', 'model': 'navigator reserve', 'odometer': 28200, 'posting_date': '2021-04-28T10:42:04-0700', 'price': 65900, 'region': 'redding', 'region_url': 'https://redding.craigslist.org', 'state': 'ca', 'title_status': 'clean', 'transmission': 'automatic', 'url': 'https://redding.craigslist.org/cto/d/redding-2018-lincoln-navigator-4x4/7313922964.html', 'year': 2018}","chan":"stdout","logger":"task"}
{"timestamp":"2025-05-04T11:21:13.376352Z","level":"info","event":"                                         description  ...  year","chan":"stdout","logger":"task"}
{"timestamp":"2025-05-04T11:21:13.376516Z","level":"info","event":"0  2018 navigator reserve in great condition If y...  ...  2018","chan":"stdout","logger":"task"}
{"timestamp":"2025-05-04T11:21:13.376629Z","level":"info","event":"","chan":"stdout","logger":"task"}
{"timestamp":"2025-05-04T11:21:13.376754Z","level":"info","event":"[1 rows x 18 columns]","chan":"stdout","logger":"task"}
{"timestamp":"2025-05-04T11:21:13.386662Z","level":"info","event":"{'description': '2007 Lexus GS350 3.5 Model   Clean title 160k miles and registration in hand.  Car is full equipped: Bluetooth phone audio, Backup Camera, digit a l music, touch screen color screen, 6cd player changer, automatic windows,  premium tires, leather seats, heated front seats, music controls and cruise controls at driver seat.   Available for $10,500 cash  Call or text if interested   (714)5. 86 zero2 0 one', 'fuel': 'gas', 'id': 7315173150, 'image_url': 'https://images.craigslist.org/00r0r_hNiY0p2edbjz_0t20t2_600x450.jpg', 'lat': 33.725427, 'long': -117.96914, 'manufacturer': 'lexus', 'model': 'gs350', 'odometer': 160230, 'posting_date': '2021-04-30T21:04:00-0700', 'price': 10500, 'region': 'orange county', 'region_url': 'https://orangecounty.craigslist.org', 'state': 'ca', 'title_status': 'clean', 'transmission': 'automatic', 'url': 'https://orangecounty.craigslist.org/cto/d/fountain-valley-lexus-gs350-runs-fast/7315173150.html', 'year': 2007}","chan":"stdout","logger":"task"}
{"timestamp":"2025-05-04T11:21:13.392719Z","level":"info","event":"                                         description  ...  year","chan":"stdout","logger":"task"}
{"timestamp":"2025-05-04T11:21:13.392874Z","level":"info","event":"0  2007 Lexus GS350 3.5 Model   Clean title 160k ...  ...  2007","chan":"stdout","logger":"task"}
{"timestamp":"2025-05-04T11:21:13.393032Z","level":"info","event":"","chan":"stdout","logger":"task"}
{"timestamp":"2025-05-04T11:21:13.393160Z","level":"info","event":"[1 rows x 18 columns]","chan":"stdout","logger":"task"}
{"timestamp":"2025-05-04T11:21:13.401771Z","level":"info","event":"{'description': '2008 Jeep Wrangler X  Offered by: R&L Auto -- 585-738-2792 -- $14,495  Year: 2008 Make: Jeep Model: Wrangler VIN: 1J4FA24198L514729 Stock #: 4729 Condition: Used Mileage: 113,573 Exterior: Gray Interior: Gray Transmission:5 Speed Engine: 3.8L V6 OHV 12V \\xa0 Spring is almost here, come get your new Jeep! 2008 Jeep Wrangler X 4WD for sale at R and L Auto in Rochester, NY. 585-738-2792 | RANDLAUTO.COM | 4625 West Ridge Road Spencerport, NY 14559. Jeeps for sale in Rochester, NY. Used cargo vans for sale in Rochester, NY. Used cars for sale in Rochester, NY. Used trucks for sale in Rochester, NY. Visit R&L Auto online at randlauto.com to see more pictures of this vehicle or call us at 585-738-2792 today to schedule your test drive.  \\xa0 \\xa0 \\xa0 \\xa0 \\xa0 \\xa0 \\xa0R&L Auto\\xa0 \\xa0 \\xa0 \\xa0 \\xa0 \\xa0 \\xa0***CALL US*** 585-738-2792\\xa0 Address: 4625 W Ridge Rd.\\xa0 \\xa0 \\xa0 \\xa0 \\xa0 \\xa0 \\xa0 \\xa0 Spencerport, NY 14559 Phone: 585-738-2792 Website:\\xa0 http://randlauto.com  \\xa0 \\xa0BatchID: K0WGSURVVTID: 17156237', 'fuel': 'gas', 'id': 7316152972, 'image_url': 'https://images.craigslist.org/00000_9ZNVdXaiei4z_0kE0fu_600x450.jpg', 'lat': 43.21699, 'long': -77.75561, 'manufacturer': 'jeep', 'model': 'wrangler', 'odometer': 113573, 'posting_date': '2021-05-03T09:36:30-0400', 'price': 14495, 'region': 'binghamton', 'region_url': 'https://binghamton.craigslist.org', 'state': 'ny', 'title_status': 'clean', 'transmission': 'other', 'url': 'https://binghamton.craigslist.org/ctd/d/rochester-2008-jeep-wrangler/7316152972.html', 'year': 2008}","chan":"stdout","logger":"task"}
{"timestamp":"2025-05-04T11:21:13.406924Z","level":"info","event":"                                         description  ...  year","chan":"stdout","logger":"task"}
{"timestamp":"2025-05-04T11:21:13.407126Z","level":"info","event":"0  2008 Jeep Wrangler X  Offered by: R&L Auto -- ...  ...  2008","chan":"stdout","logger":"task"}
{"timestamp":"2025-05-04T11:21:13.407300Z","level":"info","event":"","chan":"stdout","logger":"task"}
{"timestamp":"2025-05-04T11:21:13.407446Z","level":"info","event":"[1 rows x 18 columns]","chan":"stdout","logger":"task"}
{"timestamp":"2025-05-04T11:21:13.415944Z","level":"info","event":"{'description': 'Excellent condition with Leather Stone interior.  5.0 V-8 engine. Garage kept. All maintenance preformed by Bob Bell Ford. Comes with Premium Extended Service Plan until April 2022. Also comes with Premium Maintenance Plan until 2022. Six speed manual transmission with \"Hill Assist\". Comes with Carpeted floor mats, but also with Rubber mats for winter, spare donut in trunk, but comes with spare full size WHEEL ONLY.  Sirius radio capable, back up camera, back up sensors, power seats, heated seats, LED lights.', 'fuel': 'gas', 'id': 7316509996, 'image_url': 'https://images.craigslist.org/00808_i0faaALGPQxz_0CI0t2_600x450.jpg', 'lat': 39.1618, 'long': -76.6297, 'manufacturer': 'ford', 'model': 'mustang', 'odometer': 53800, 'posting_date': '2021-05-03T19:49:21-0400', 'price': 24500, 'region': 'baltimore', 'region_url': 'https://baltimore.craigslist.org', 'state': 'md', 'title_status': 'clean', 'transmission': 'manual', 'url': 'https://baltimore.craigslist.org/cto/d/glen-burnie-mustang-50-convertible-2013/7316509996.html', 'year': 2013}","chan":"stdout","logger":"task"}
{"timestamp":"2025-05-04T11:21:13.420919Z","level":"info","event":"                                         description  ...  year","chan":"stdout","logger":"task"}
{"timestamp":"2025-05-04T11:21:13.421081Z","level":"info","event":"0  Excellent condition with Leather Stone interio...  ...  2013","chan":"stdout","logger":"task"}
{"timestamp":"2025-05-04T11:21:13.421200Z","level":"info","event":"","chan":"stdout","logger":"task"}
{"timestamp":"2025-05-04T11:21:13.421389Z","level":"info","event":"[1 rows x 18 columns]","chan":"stdout","logger":"task"}
{"timestamp":"2025-05-04T11:21:13.429416","level":"info","event":"Done. Returned value was: None","logger":"airflow.task.operators.airflow.providers.standard.operators.python.PythonOperator"}
{"timestamp":"2025-05-04T11:21:13.441669Z","level":"info","event":"Task instance in success state","chan":"stdout","logger":"task"}
{"timestamp":"2025-05-04T11:21:13.441888Z","level":"info","event":" Previous state of the Task instance: running","chan":"stdout","logger":"task"}
{"timestamp":"2025-05-04T11:21:13.442064Z","level":"info","event":"Task operator:<Task(PythonOperator): predict>","chan":"stdout","logger":"task"}
